yarn run v1.16.0
$ prettier --config ./.prettierrc --list-different "projects/**/*{.ts,.js,.json,.scss,.html}"
projects/core/src/auth/services/client-error/client-error-handling.service.spec.ts
projects/core/src/global-message/http-interceptors/handlers/bad-request.handler.ts
projects/core/src/global-message/http-interceptors/http-error.interceptor.spec.ts
projects/core/src/occ/adapters/cms/occ-cms-page.adapter.spec.ts
projects/schematics/src/add-spartacus/index_spec.ts
projects/storefrontapp-e2e-cypress/cypress/fixtures/example.json
projects/storefrontapp-e2e-cypress/cypress/integration/smoke/currency.e2e-spec.ts
projects/storefrontapp-e2e-cypress/cypress/support/require-shipping-method-selected.commands.ts
projects/storefrontlib/src/cms-components/cart/add-to-cart/added-to-cart-dialog/added-to-cart-dialog.component.html
projects/storefrontlib/src/cms-components/cart/cart-details/cart-details.component.html
projects/storefrontlib/src/cms-components/cart/cart-totals/cart-totals.component.html
projects/storefrontlib/src/cms-components/checkout/components/checkout-progress/checkout-progress-mobile-bottom/checkout-progress-mobile-bottom.component.html
projects/storefrontlib/src/cms-components/checkout/components/checkout-progress/checkout-progress-mobile-bottom/checkout-progress-mobile-bottom.component.spec.ts
projects/storefrontlib/src/cms-components/checkout/components/checkout-progress/checkout-progress-mobile-top/checkout-progress-mobile-top.component.html
projects/storefrontlib/src/cms-components/checkout/components/checkout-progress/checkout-progress-mobile-top/checkout-progress-mobile-top.component.spec.ts
projects/storefrontlib/src/cms-components/checkout/components/checkout-progress/checkout-progress.component.html
projects/storefrontlib/src/cms-components/checkout/components/checkout-progress/checkout-progress.component.spec.ts
projects/storefrontlib/src/cms-components/checkout/components/delivery-mode/delivery-mode.component.html
projects/storefrontlib/src/cms-components/checkout/components/payment-method/billing-address-form/billing-address-form.component.html
projects/storefrontlib/src/cms-components/checkout/components/payment-method/payment-form/payment-form.component.html
projects/storefrontlib/src/cms-components/checkout/components/payment-method/payment-method.component.html
projects/storefrontlib/src/cms-components/checkout/components/payment-method/payment-method.component.spec.ts
projects/storefrontlib/src/cms-components/checkout/components/review-submit/review-submit.component.html
projects/storefrontlib/src/cms-components/checkout/components/review-submit/review-submit.component.spec.ts
projects/storefrontlib/src/cms-components/checkout/components/shipping-address/address-form/address-form.component.html
projects/storefrontlib/src/cms-components/checkout/components/shipping-address/shipping-address.component.html
projects/storefrontlib/src/cms-components/checkout/guards/delivery-mode-set.guard.ts
projects/storefrontlib/src/cms-components/checkout/guards/payment-details-set.guard.ts
projects/storefrontlib/src/cms-components/checkout/guards/shipping-address-set.guard.ts
projects/storefrontlib/src/cms-components/content/banner/banner.component.html
projects/storefrontlib/src/cms-components/content/link/link.component.html
projects/storefrontlib/src/cms-components/content/paragraph/paragraph.component.html
projects/storefrontlib/src/cms-components/content/tab-paragraph-container/tab-paragraph-container.component.html
projects/storefrontlib/src/cms-components/misc/global-message/global-message.component.html
projects/storefrontlib/src/cms-components/myaccount/address-book/address-book.component.html
projects/storefrontlib/src/cms-components/myaccount/close-account/components/close-account-modal/close-account-modal.component.html
projects/storefrontlib/src/cms-components/myaccount/consent-management/components/consent-management.component.html
projects/storefrontlib/src/cms-components/myaccount/order/order-details/order-detail-headline/order-detail-headline.component.html
projects/storefrontlib/src/cms-components/myaccount/order/order-details/order-detail-items/consignment-tracking/tracking-events/tracking-events.component.html
projects/storefrontlib/src/cms-components/myaccount/order/order-details/order-detail-items/order-detail-items.component.html
projects/storefrontlib/src/cms-components/myaccount/order/order-details/order-detail-shipping/order-detail-shipping.component.html
projects/storefrontlib/src/cms-components/myaccount/order/order-details/order-detail-shipping/order-detail-shipping.component.ts
projects/storefrontlib/src/cms-components/myaccount/order/order-details/order-detail-totals/order-detail-totals.component.html
projects/storefrontlib/src/cms-components/myaccount/order/order-history/order-history.component.html
projects/storefrontlib/src/cms-components/myaccount/payment-methods/payment-methods.component.html
projects/storefrontlib/src/cms-components/myaccount/payment-methods/payment-methods.component.spec.ts
projects/storefrontlib/src/cms-components/myaccount/update-email/update-email.component.html
projects/storefrontlib/src/cms-components/myaccount/update-password/components/update-password/update-password.component.html
projects/storefrontlib/src/cms-components/myaccount/update-profile/update-profile.component.html
projects/storefrontlib/src/cms-components/navigation/breadcrumb/breadcrumb.component.html
projects/storefrontlib/src/cms-components/navigation/footer-navigation/footer-navigation.component.html
projects/storefrontlib/src/cms-components/navigation/search-box/search-box.component.html
projects/storefrontlib/src/cms-components/order-confirmation/components/order-confirmation-items/order-confirmation-items.component.html
projects/storefrontlib/src/cms-components/order-confirmation/components/order-confirmation-overview/order-confirmation-overview.component.html
projects/storefrontlib/src/cms-components/order-confirmation/components/order-confirmation-overview/order-confirmation-overview.component.ts
projects/storefrontlib/src/cms-components/order-confirmation/components/order-confirmation-thank-you-message/order-confirmation-thank-you-message.component.html
projects/storefrontlib/src/cms-components/order-confirmation/components/order-confirmation-totals/order-confirmation-totals.component.html
projects/storefrontlib/src/cms-components/product/product-images/product-images.component.html
projects/storefrontlib/src/cms-components/product/product-intro/product-intro.component.html
projects/storefrontlib/src/cms-components/product/product-list/container/product-list.component.html
projects/storefrontlib/src/cms-components/product/product-list/product-facet-navigation/product-facet-navigation.component.html
projects/storefrontlib/src/cms-components/product/product-summary/product-summary.component.html
projects/storefrontlib/src/cms-components/product/product-tabs/product-attributes/product-attributes.component.html
projects/storefrontlib/src/cms-components/product/product-tabs/product-details-tab/product-details-tab.component.html
projects/storefrontlib/src/cms-components/product/product-tabs/product-reviews/product-reviews.component.html
projects/storefrontlib/src/cms-components/storefinder/components/store-finder-grid/store-finder-grid.component.spec.ts
projects/storefrontlib/src/cms-components/storefinder/components/store-finder-pagination-details/store-finder-pagination-details.component.spec.ts
projects/storefrontlib/src/cms-components/user/login/login.component.html
projects/storefrontlib/src/cms-components/user/register/register.component.html
projects/storefrontlib/src/cms-structure/page/page-layout/page-layout.component.html
projects/storefrontlib/src/cms-structure/page/slot/page-slot.component.html
projects/storefrontlib/src/cms-structure/pwa/components/add-to-home-screen-banner/add-to-home-screen-banner.component.html
projects/storefrontlib/src/cms-structure/pwa/components/add-to-home-screen-btn/add-to-home-screen-btn.component.html
projects/storefrontlib/src/layout/config/layout-config.ts
projects/storefrontlib/src/shared/components/carousel/carousel.component.html
projects/vendor/src/yotpo/service/yotpo.service.ts
projects/vendor/src/yotpo/yotporeview/yotpo-review.component.html
projects/vendor/src/yotpo/yotpostarrating/yotpo-star-rating.component.html
error Command failed with exit code 1.
info Visit https://yarnpkg.com/en/docs/cli/run for documentation about this command.
