Sauce Cypress Runner 8.4.0
Preparing npm environment
Your pluginsFile is invalid: /Volumes/Sauce/saucectl-runners/sauce-cypress-runner/8.4.0/bundle/__project__/cypress/plugins/index.js

It threw an error when required, check the stack trace below:

Error: Cannot find module '@cypress/webpack-preprocessor'
Require stack:
- /Volumes/Sauce/saucectl-runners/sauce-cypress-runner/8.4.0/bundle/__project__/cypress/plugins/cy-ts-preprocessor.js
- /Volumes/Sauce/saucectl-runners/sauce-cypress-runner/8.4.0/bundle/__project__/cypress/plugins/index.js
- /Volumes/Sauce/saucectl-runners/sauce-cypress-runner/8.4.0/bundle/Cache/9.7.0/Cypress.app/Contents/Resources/app/packages/server/lib/plugins/child/run_plugins.js
- /Volumes/Sauce/saucectl-runners/sauce-cypress-runner/8.4.0/bundle/Cache/9.7.0/Cypress.app/Contents/Resources/app/packages/server/lib/plugins/child/index.js
    at Function.Module._resolveFilename (internal/modules/cjs/loader.js:902:15)
    at Function.Module._load (internal/modules/cjs/loader.js:746:27)
    at Module.require (internal/modules/cjs/loader.js:974:19)
    at require (internal/modules/cjs/helpers.js:101:18)
    at Object.<anonymous> (/Volumes/Sauce/saucectl-runners/sauce-cypress-runner/8.4.0/bundle/__project__/cypress/plugins/cy-ts-preprocessor.js:1:12)
    at Module._compile (internal/modules/cjs/loader.js:1085:14)
    at Object.Module._extensions..js (internal/modules/cjs/loader.js:1114:10)
    at Module.load (internal/modules/cjs/loader.js:950:32)
    at Function.Module._load (internal/modules/cjs/loader.js:790:12)
    at Module.require (internal/modules/cjs/loader.js:974:19)
    at require (internal/modules/cjs/helpers.js:101:18)
    at Object.<anonymous> (/Volumes/Sauce/saucectl-runners/sauce-cypress-runner/8.4.0/bundle/__project__/cypress/plugins/index.js:1:39)
    at Module._compile (internal/modules/cjs/loader.js:1085:14)
    at Object.Module._extensions..js (internal/modules/cjs/loader.js:1114:10)
    at Module.load (internal/modules/cjs/loader.js:950:32)
    at Function.Module._load (internal/modules/cjs/loader.js:790:12)
